Id. usuario del trabajo: c3estudiante18
Id. del trabajo: 14017
Nombre del trabajo especificado por usuario: helloOMP
Directorio de trabajo (en el que se ejecuta el script): /home/c3estudiante18/bp0/ejer4
Cola: ac
Nodo que ejecuta este trabajo:atcgrid
Nº de nodos asignados al trabajo: 1
Nodos asignados al trabajo: atcgrid1
CPUs por nodo: 24

 1. Ejecución helloOMP una vez sin cambiar nº de threads (valor por defecto):

(1:!!!Hello)(10:!!!Hello)(5:!!!Hello)(7:!!!Hello)(4:!!!Hello)(11:!!!Hello)(2:!!!Hello)(3:!!!Hello)(6:!!!Hello)(8:!!!Hello)(0:!!!Hello)(9:!!!Hello)(9: world!!!)(2: world!!!)(11: world!!!)(8: world!!!)(7: world!!!)(4: world!!!)(1: world!!!)(6: world!!!)(3: world!!!)(10: world!!!)(5: world!!!)(0: world!!!)
 2. Ejecución helloOMP varias veces con distinto nº de threads:


  - Para 12 threads:
(0:!!!Hello)(2:!!!Hello)(6:!!!Hello)(7:!!!Hello)(10:!!!Hello)(1:!!!Hello)(4:!!!Hello)(11:!!!Hello)(3:!!!Hello)(9:!!!Hello)(5:!!!Hello)(8:!!!Hello)(8: world!!!)(0: world!!!)(11: world!!!)(7: world!!!)(5: world!!!)(2: world!!!)(9: world!!!)(3: world!!!)(10: world!!!)(6: world!!!)(4: world!!!)(1: world!!!)
  - Para 6 threads:
(0:!!!Hello)(1:!!!Hello)(4:!!!Hello)(5:!!!Hello)(3:!!!Hello)(2:!!!Hello)(2: world!!!)(3: world!!!)(4: world!!!)(0: world!!!)(5: world!!!)(1: world!!!)
  - Para 3 threads:
(1:!!!Hello)(0:!!!Hello)(2:!!!Hello)(1: world!!!)(2: world!!!)(0: world!!!)
  - Para 1 threads:
(0:!!!Hello)(0: world!!!)